<?xml version="1.0" encoding="UTF-8" ?>
<testsuite failures="0" time="0.542" errors="0" skipped="0" tests="14" name="org.springframework.samples.mvc.convert.ConvertControllerTests">
  <properties>
[...]
</properties>
  <testcase time="0.093" classname="org.springframework.samples.mvc.convert.ConvertControllerTests" name="beanCollection"/>
  <testcase time="0.03" classname="org.springframework.samples.mvc.convert.ConvertControllerTests" name="primitive"/>
  <testcase time="0.032" classname="org.springframework.samples.mvc.convert.ConvertControllerTests" name="collection"/>
  <testcase time="0.028" classname="org.springframework.samples.mvc.convert.ConvertControllerTests" name="beanMasked"/>
  <testcase time="0.033" classname="org.springframework.samples.mvc.convert.ConvertControllerTests" name="beanNested"/>
  <testcase time="0.026" classname="org.springframework.samples.mvc.convert.ConvertControllerTests" name="custom"/>
  <testcase time="0.03" classname="org.springframework.samples.mvc.convert.ConvertControllerTests" name="beanPrimitive"/>
  <testcase time="0.096" classname="org.springframework.samples.mvc.convert.ConvertControllerTests" name="formattedCollection"/>
  <testcase time="0.028" classname="org.springframework.samples.mvc.convert.ConvertControllerTests" name="beanFormattedCollection"/>
  <testcase time="0.03" classname="org.springframework.samples.mvc.convert.ConvertControllerTests" name="beanMap"/>
  <testcase time="0.028" classname="org.springframework.samples.mvc.convert.ConvertControllerTests" name="date"/>
  <testcase time="0.034" classname="org.springframework.samples.mvc.convert.ConvertControllerTests" name="valueOf"/>
  <testcase time="0.025" classname="org.springframework.samples.mvc.convert.ConvertControllerTests" name="beanDate"/>
  <testcase time="0.029" classname="org.springframework.samples.mvc.convert.ConvertControllerTests" name="collection2"/>
</testsuite>